<?xml version="1.0" encoding="UTF-8"?>
<!-- Generated by org.testng.reporters.JUnitReportReporter -->
<testsuite hostname="LAPTOP-BHNKGPVU" name="xcal.cs.math.MaxTest" tests="7" failures="0" timestamp="13 Oct 2016 01:28:22 GMT" time="1.111" errors="0">
  <testcase name="testFailure" time="1.070" classname="xcal.cs.math.MaxTest"/>
  <testcase name="testSuccess" time="0.006" classname="xcal.cs.math.MaxTest"/>
  <testcase name="testSuccess" time="0.005" classname="xcal.cs.math.MaxTest"/>
  <testcase name="testSuccess" time="0.007" classname="xcal.cs.math.MaxTest"/>
  <testcase name="testSuccess" time="0.006" classname="xcal.cs.math.MaxTest"/>
  <testcase name="testFailure" time="0.011" classname="xcal.cs.math.MaxTest"/>
  <testcase name="testSuccess" time="0.006" classname="xcal.cs.math.MaxTest"/>
</testsuite> <!-- xcal.cs.math.MaxTest -->
