<?xml version="1.0" encoding="UTF-8"?>
<!-- Generated by org.testng.reporters.JUnitReportReporter -->
<testsuite hostname="LAPTOP-BHNKGPVU" name="xcal.cs.math.MinTest" tests="6" failures="0" timestamp="13 Oct 2016 01:28:22 GMT" time="0.056" errors="0">
  <testcase name="testFailure" time="0.022" classname="xcal.cs.math.MinTest"/>
  <testcase name="testFailure" time="0.005" classname="xcal.cs.math.MinTest"/>
  <testcase name="testSuccess" time="0.008" classname="xcal.cs.math.MinTest"/>
  <testcase name="testSuccess" time="0.006" classname="xcal.cs.math.MinTest"/>
  <testcase name="testSuccess" time="0.008" classname="xcal.cs.math.MinTest"/>
  <testcase name="testSuccess" time="0.007" classname="xcal.cs.math.MinTest"/>
</testsuite> <!-- xcal.cs.math.MinTest -->
