<?xml version="1.0" encoding="UTF-8"?>
<!-- Generated by org.testng.reporters.JUnitReportReporter -->
<testsuite hostname="LAPTOP-BHNKGPVU" name="xcal.cs.math.UnionTest" tests="8" failures="0" timestamp="13 Oct 2016 01:28:22 GMT" time="12.582" errors="1">
  <testcase name="performanceTest" time="10.386" classname="xcal.cs.math.UnionTest">
    <error type="org.testng.internal.thread.ThreadTimeoutException" message="Method org.testng.internal.TestNGMethod.performanceTest() didn&#039;t finish within the time-out 10000">
      <![CDATA[org.testng.internal.thread.ThreadTimeoutException: Method org.testng.internal.TestNGMethod.performanceTest() didn't finish within the time-out 10000
	at java.util.AbstractCollection.toString(AbstractCollection.java:464)
	at org.slf4j.helpers.MessageFormatter.safeObjectAppend(MessageFormatter.java:299)
	at org.slf4j.helpers.MessageFormatter.deeplyAppendParameter(MessageFormatter.java:271)
	at org.slf4j.helpers.MessageFormatter.arrayFormat(MessageFormatter.java:233)
	at org.slf4j.helpers.MessageFormatter.arrayFormat(MessageFormatter.java:173)
	at ch.qos.logback.classic.spi.LoggingEvent.getFormattedMessage(LoggingEvent.java:293)
	at ch.qos.logback.classic.spi.LoggingEvent.prepareForDeferredProcessing(LoggingEvent.java:206)
	at ch.qos.logback.core.OutputStreamAppender.subAppend(OutputStreamAppender.java:205)
	at ch.qos.logback.core.OutputStreamAppender.append(OutputStreamAppender.java:100)
	at ch.qos.logback.core.UnsynchronizedAppenderBase.doAppend(UnsynchronizedAppenderBase.java:84)
	at ch.qos.logback.core.spi.AppenderAttachableImpl.appendLoopOnAppenders(AppenderAttachableImpl.java:48)
	at ch.qos.logback.classic.Logger.appendLoopOnAppenders(Logger.java:270)
	at ch.qos.logback.classic.Logger.callAppenders(Logger.java:257)
	at ch.qos.logback.classic.Logger.buildLoggingEventAndAppend(Logger.java:421)
	at ch.qos.logback.classic.Logger.filterAndLog_0_Or3Plus(Logger.java:383)
	at ch.qos.logback.classic.Logger.info(Logger.java:591)
	at xcal.cs.math.MathController.union(MathController.java:102)
	at sun.reflect.NativeMethodAccessorImpl.invoke0(Native Method)
	at sun.reflect.NativeMethodAccessorImpl.invoke(NativeMethodAccessorImpl.java:62)
	at sun.reflect.DelegatingMethodAccessorImpl.invoke(DelegatingMethodAccessorImpl.java:43)
	at java.lang.reflect.Method.invoke(Method.java:498)
	at org.springframework.web.method.support.InvocableHandlerMethod.doInvoke(InvocableHandlerMethod.java:221)
	at org.springframework.web.method.support.InvocableHandlerMethod.invokeForRequest(InvocableHandlerMethod.java:136)
	at org.springframework.web.servlet.mvc.method.annotation.ServletInvocableHandlerMethod.invokeAndHandle(ServletInvocableHandlerMethod.java:114)
	at org.springframework.web.servlet.mvc.method.annotation.RequestMappingHandlerAdapter.invokeHandlerMethod(RequestMappingHandlerAdapter.java:827)
	at org.springframework.web.servlet.mvc.method.annotation.RequestMappingHandlerAdapter.handleInternal(RequestMappingHandlerAdapter.java:738)
	at org.springframework.web.servlet.mvc.method.AbstractHandlerMethodAdapter.handle(AbstractHandlerMethodAdapter.java:85)
	at org.springframework.web.servlet.DispatcherServlet.doDispatch(DispatcherServlet.java:963)
	at org.springframework.web.servlet.DispatcherServlet.doService(DispatcherServlet.java:897)
	at org.springframework.web.servlet.FrameworkServlet.processRequest(FrameworkServlet.java:970)
	at org.springframework.web.servlet.FrameworkServlet.doPost(FrameworkServlet.java:872)
	at javax.servlet.http.HttpServlet.service(HttpServlet.java:688)
	at org.springframework.web.servlet.FrameworkServlet.service(FrameworkServlet.java:846)
	at org.springframework.test.web.servlet.TestDispatcherServlet.service(TestDispatcherServlet.java:65)
	at javax.servlet.http.HttpServlet.service(HttpServlet.java:770)
	at org.springframework.mock.web.MockFilterChain$ServletFilterProxy.doFilter(MockFilterChain.java:167)
	at org.springframework.mock.web.MockFilterChain.doFilter(MockFilterChain.java:134)
	at org.springframework.test.web.servlet.MockMvc.perform(MockMvc.java:155)
	at org.springframework.test.web.client.MockMvcClientHttpRequestFactory$1.executeInternal(MockMvcClientHttpRequestFactory.java:67)
	at org.springframework.mock.http.client.MockClientHttpRequest.execute(MockClientHttpRequest.java:93)
	at org.springframework.web.client.RestTemplate.doExecute(RestTemplate.java:619)
	at org.springframework.web.client.RestTemplate.execute(RestTemplate.java:580)
	at org.springframework.web.client.RestTemplate.postForEntity(RestTemplate.java:407)
	at xcal.cs.math.UnionTest.performanceTest(UnionTest.java:78)
	at sun.reflect.NativeMethodAccessorImpl.invoke0(Native Method)
	at sun.reflect.NativeMethodAccessorImpl.invoke(NativeMethodAccessorImpl.java:62)
	at sun.reflect.DelegatingMethodAccessorImpl.invoke(DelegatingMethodAccessorImpl.java:43)
	at java.lang.reflect.Method.invoke(Method.java:498)
	at org.testng.internal.MethodInvocationHelper.invokeMethod(MethodInvocationHelper.java:86)
	at org.testng.internal.InvokeMethodRunnable.runOne(InvokeMethodRunnable.java:54)
	at org.testng.internal.InvokeMethodRunnable.run(InvokeMethodRunnable.java:44)
	at java.util.concurrent.Executors$RunnableAdapter.call(Executors.java:511)
	at java.util.concurrent.FutureTask.run(FutureTask.java:266)
	at java.util.concurrent.ThreadPoolExecutor.runWorker(ThreadPoolExecutor.java:1142)
	at java.util.concurrent.ThreadPoolExecutor$Worker.run(ThreadPoolExecutor.java:617)
	at java.lang.Thread.run(Thread.java:745)
]]>
    </error>
  </testcase> <!-- performanceTest -->
  <testcase name="testSuccess" time="2.031" classname="xcal.cs.math.UnionTest"/>
  <testcase name="testSuccess" time="0.010" classname="xcal.cs.math.UnionTest"/>
  <testcase name="testSuccess" time="0.037" classname="xcal.cs.math.UnionTest"/>
  <testcase name="testSuccess" time="0.009" classname="xcal.cs.math.UnionTest"/>
  <testcase name="testFailure" time="0.092" classname="xcal.cs.math.UnionTest"/>
  <testcase name="testSuccess" time="0.010" classname="xcal.cs.math.UnionTest"/>
  <testcase name="testFailure" time="0.007" classname="xcal.cs.math.UnionTest"/>
</testsuite> <!-- xcal.cs.math.UnionTest -->
