<?xml version="1.0" encoding="UTF-8"?>
<!-- Generated by org.testng.reporters.JUnitReportReporter -->
<testsuite hostname="LAPTOP-BHNKGPVU" name="xcal.cs.math.MultiplicationTest" tests="10" failures="0" timestamp="13 Oct 2016 01:28:22 GMT" time="0.118" errors="0">
  <testcase name="testSuccess" time="0.028" classname="xcal.cs.math.MultiplicationTest"/>
  <testcase name="testSuccess" time="0.006" classname="xcal.cs.math.MultiplicationTest"/>
  <testcase name="testSuccess" time="0.006" classname="xcal.cs.math.MultiplicationTest"/>
  <testcase name="testSuccess" time="0.011" classname="xcal.cs.math.MultiplicationTest"/>
  <testcase name="testSuccess" time="0.006" classname="xcal.cs.math.MultiplicationTest"/>
  <testcase name="testSuccess" time="0.008" classname="xcal.cs.math.MultiplicationTest"/>
  <testcase name="testSuccess" time="0.008" classname="xcal.cs.math.MultiplicationTest"/>
  <testcase name="testSuccess" time="0.009" classname="xcal.cs.math.MultiplicationTest"/>
  <testcase name="testSuccess" time="0.022" classname="xcal.cs.math.MultiplicationTest"/>
  <testcase name="testSuccess" time="0.014" classname="xcal.cs.math.MultiplicationTest"/>
</testsuite> <!-- xcal.cs.math.MultiplicationTest -->
