<?xml version="1.0" encoding="UTF-8"?>
<!-- Generated by org.testng.reporters.JUnitReportReporter -->
<testsuite hostname="LAPTOP-BHNKGPVU" name="xcal.cs.math.IntersectTest" tests="6" failures="0" timestamp="13 Oct 2016 01:28:22 GMT" time="0.067" errors="0">
  <testcase name="testSuccess" time="0.008" classname="xcal.cs.math.IntersectTest"/>
  <testcase name="testSuccess" time="0.011" classname="xcal.cs.math.IntersectTest"/>
  <testcase name="testFailure" time="0.027" classname="xcal.cs.math.IntersectTest"/>
  <testcase name="testFailure" time="0.006" classname="xcal.cs.math.IntersectTest"/>
  <testcase name="testSuccess" time="0.008" classname="xcal.cs.math.IntersectTest"/>
  <testcase name="testSuccess" time="0.007" classname="xcal.cs.math.IntersectTest"/>
</testsuite> <!-- xcal.cs.math.IntersectTest -->
